<?xml version="1.0" encoding="UTF-8"?>
<!-- Generated by org.testng.reporters.JUnitReportReporter -->
<testsuite skipped="0" hostname="Dell-PC" name="grouping.ClassB" tests="12" failures="0" timestamp="2019-09-01T10:09:51 IST" time="0.097" errors="0">
  <testcase name="testB1" time="0.005" classname="grouping.ClassB"/>
  <testcase name="testB2" time="0.004" classname="grouping.ClassB"/>
  <testcase name="testB6" time="0.002" classname="grouping.ClassB"/>
  <testcase name="testB1" time="0.003" classname="grouping.ClassB"/>
  <testcase name="testB2" time="0.001" classname="grouping.ClassB"/>
  <testcase name="testB3" time="0.001" classname="grouping.ClassB"/>
  <testcase name="testB5" time="0.002" classname="grouping.ClassB"/>
  <testcase name="testB3" time="0.013" classname="grouping.ClassB"/>
  <testcase name="testB4" time="0.001" classname="grouping.ClassB"/>
  <testcase name="testB6" time="0.001" classname="grouping.ClassB"/>
  <testcase name="testB4" time="0.010" classname="grouping.ClassB"/>
  <testcase name="testB5" time="0.054" classname="grouping.ClassB"/>
</testsuite> <!-- grouping.ClassB -->
