<?xml version="1.0" encoding="UTF-8"?>
<!-- Generated by org.testng.reporters.JUnitReportReporter -->
<testsuite skipped="0" hostname="Dell-PC" name="alertHandling.alertWithChrome" tests="3" failures="0" timestamp="2019-09-04T11:18:36 IST" time="9.924" errors="0">
  <testcase name="alert3" time="4.323" classname="alertHandling.alertWithChrome"/>
  <testcase name="alert2" time="2.280" classname="alertHandling.alertWithChrome"/>
  <testcase name="alert1" time="3.321" classname="alertHandling.alertWithChrome"/>
</testsuite> <!-- alertHandling.alertWithChrome -->
