<?xml version="1.0" encoding="UTF-8"?>
<!-- Generated by org.testng.reporters.JUnitReportReporter -->
<testsuite skipped="0" hostname="Dell-PC" name="iFrameHandling.iFrameDemo1" tests="1" failures="0" timestamp="2019-09-07T18:50:55 IST" time="10.416" errors="0">
  <testcase name="frameTest" time="10.416" classname="iFrameHandling.iFrameDemo1"/>
</testsuite> <!-- iFrameHandling.iFrameDemo1 -->
