<?xml version="1.0" encoding="UTF-8"?>
<!-- Generated by org.testng.reporters.JUnitReportReporter -->
<testsuite skipped="0" hostname="Dell-PC" name="allAnnotations.TestCase2ForSuite" tests="2" failures="0" timestamp="2019-08-31T18:54:39 IST" time="0.014" errors="0">
  <testcase name="testNumber1" time="0.010" classname="allAnnotations.TestCase2ForSuite"/>
  <testcase name="testNumber2" time="0.004" classname="allAnnotations.TestCase2ForSuite"/>
</testsuite> <!-- allAnnotations.TestCase2ForSuite -->
