<?xml version="1.0" encoding="UTF-8"?>
<!-- Generated by org.testng.reporters.JUnitReportReporter -->
<testsuite skipped="0" hostname="Dell-PC" name="grouping.ClassA" tests="12" failures="0" timestamp="2019-09-01T10:09:51 IST" time="0.203" errors="0">
  <testcase name="testA4" time="0.175" classname="grouping.ClassA"/>
  <testcase name="testA1" time="0.002" classname="grouping.ClassA"/>
  <testcase name="testA3" time="0.002" classname="grouping.ClassA"/>
  <testcase name="testA5" time="0.002" classname="grouping.ClassA"/>
  <testcase name="testA1" time="0.002" classname="grouping.ClassA"/>
  <testcase name="testA5" time="0.002" classname="grouping.ClassA"/>
  <testcase name="testA4" time="0.002" classname="grouping.ClassA"/>
  <testcase name="testA6" time="0.003" classname="grouping.ClassA"/>
  <testcase name="testA2" time="0.002" classname="grouping.ClassA"/>
  <testcase name="testA6" time="0.006" classname="grouping.ClassA"/>
  <testcase name="testA2" time="0.003" classname="grouping.ClassA"/>
  <testcase name="testA3" time="0.002" classname="grouping.ClassA"/>
</testsuite> <!-- grouping.ClassA -->
