<?xml version="1.0" encoding="UTF-8"?>
<!-- Generated by org.testng.reporters.JUnitReportReporter -->
<testsuite skipped="0" hostname="Dell-PC" name="alertHandling.WindowHandling" tests="1" failures="0" timestamp="2019-09-04T20:51:30 IST" time="21.226" errors="0">
  <testcase name="newWindow1" time="21.226" classname="alertHandling.WindowHandling"/>
</testsuite> <!-- alertHandling.WindowHandling -->
