<?xml version="1.0" encoding="UTF-8"?>
<!-- Generated by org.testng.reporters.JUnitReportReporter -->
<testsuite skipped="0" hostname="Dell-PC" name="assertionsDemo.AutoLogin" tests="1" failures="0" timestamp="2019-08-30T15:49:19 IST" time="33.117" errors="0">
  <testcase name="titleFinder" time="33.117" classname="assertionsDemo.AutoLogin"/>
</testsuite> <!-- assertionsDemo.AutoLogin -->
