<?xml version="1.0" encoding="UTF-8"?>
<!-- Generated by org.testng.reporters.JUnitReportReporter -->
<testsuite skipped="0" hostname="Dell-PC" name="dataProviderHandling.dataProviderDemo2" tests="6" failures="0" timestamp="2019-09-07T18:47:43 IST" time="0.109" errors="0">
  <testcase name="test1" time="0.017" classname="dataProviderHandling.dataProviderDemo2"/>
  <testcase name="test1" time="0.002" classname="dataProviderHandling.dataProviderDemo2"/>
  <testcase name="test2" time="0.003" classname="dataProviderHandling.dataProviderDemo2"/>
  <testcase name="test2" time="0.003" classname="dataProviderHandling.dataProviderDemo2"/>
  <testcase name="test2" time="0.082" classname="dataProviderHandling.dataProviderDemo2"/>
  <testcase name="test1" time="0.002" classname="dataProviderHandling.dataProviderDemo2"/>
</testsuite> <!-- dataProviderHandling.dataProviderDemo2 -->
