<?xml version="1.0" encoding="UTF-8"?>
<!-- Generated by org.testng.reporters.JUnitReportReporter -->
<testsuite skipped="0" hostname="Dell-PC" name="alertHandling.alertDemo" tests="3" failures="0" timestamp="2019-09-03T15:14:58 IST" time="44.965" errors="0">
  <testcase name="alert2" time="14.317" classname="alertHandling.alertDemo"/>
  <testcase name="alert1" time="15.114" classname="alertHandling.alertDemo"/>
  <testcase name="alert3" time="15.534" classname="alertHandling.alertDemo"/>
</testsuite> <!-- alertHandling.alertDemo -->
