<?xml version="1.0" encoding="UTF-8"?>
<!-- Generated by org.testng.reporters.JUnitReportReporter -->
<testsuite skipped="0" hostname="Dell-PC" name="allAnnotations.TestCase3ForSuite" tests="2" failures="0" timestamp="2019-09-03T12:19:09 IST" time="0.015" errors="0">
  <testcase name="testNumber1" time="0.013" classname="allAnnotations.TestCase3ForSuite"/>
  <testcase name="testNumber2" time="0.002" classname="allAnnotations.TestCase3ForSuite"/>
</testsuite> <!-- allAnnotations.TestCase3ForSuite -->
