<?xml version="1.0" encoding="UTF-8"?>
<!-- Generated by org.testng.reporters.JUnitReportReporter -->
<testsuite skipped="0" hostname="Dell-PC" name="allAnnotations.TestCase4ForSuite" tests="2" failures="0" timestamp="2019-09-03T12:19:09 IST" time="0.005" errors="0">
  <testcase name="testNumber2" time="0.002" classname="allAnnotations.TestCase4ForSuite"/>
  <testcase name="testNumber1" time="0.003" classname="allAnnotations.TestCase4ForSuite"/>
</testsuite> <!-- allAnnotations.TestCase4ForSuite -->
