<?xml version="1.0" encoding="UTF-8"?>
<!-- Generated by org.testng.reporters.JUnitReportReporter -->
<testsuite skipped="0" hostname="Dell-PC" name="parameters.ParametersTestNG" tests="1" failures="0" timestamp="2019-09-03T12:38:54 IST" time="0.031" errors="0">
  <testcase name="parameterReceiver" time="0.031" classname="parameters.ParametersTestNG"/>
</testsuite> <!-- parameters.ParametersTestNG -->
