<?xml version="1.0" encoding="UTF-8"?>
<!-- Generated by org.testng.reporters.JUnitReportReporter -->
<testsuite skipped="0" hostname="Dell-PC" name="allAnnotations.BeforeAfterMethodAndClass" tests="2" failures="0" timestamp="2019-09-03T12:26:00 IST" time="0.032" errors="0">
  <testcase name="testNumber1" time="0.032" classname="allAnnotations.BeforeAfterMethodAndClass"/>
  <testcase name="testNumber2" time="0.000" classname="allAnnotations.BeforeAfterMethodAndClass"/>
</testsuite> <!-- allAnnotations.BeforeAfterMethodAndClass -->
