<?xml version="1.0" encoding="UTF-8"?>
<!-- Generated by org.testng.reporters.JUnitReportReporter -->
<testsuite skipped="0" hostname="Dell-PC" name="alertHandling.alertWithFireFox" tests="3" failures="0" timestamp="2019-09-04T11:20:21 IST" time="9.892" errors="0">
  <testcase name="alert2" time="2.225" classname="alertHandling.alertWithFireFox"/>
  <testcase name="alert3" time="4.301" classname="alertHandling.alertWithFireFox"/>
  <testcase name="alert1" time="3.366" classname="alertHandling.alertWithFireFox"/>
</testsuite> <!-- alertHandling.alertWithFireFox -->
