<?xml version="1.0" encoding="UTF-8"?>
<!-- Generated by org.testng.reporters.JUnitReportReporter -->
<testsuite skipped="0" hostname="Dell-PC" name="waitTypes.FluentWaitDemo" tests="1" failures="0" timestamp="2019-09-07T21:16:03 IST" time="20.325" errors="0">
  <testcase name="f" time="20.325" classname="waitTypes.FluentWaitDemo"/>
</testsuite> <!-- waitTypes.FluentWaitDemo -->
