<?xml version="1.0" encoding="UTF-8"?>
<!-- Generated by org.testng.reporters.JUnitReportReporter -->
<testsuite skipped="1" hostname="Dell-PC" name="TestNGDemo.NewTestDemo2" tests="4" failures="0" timestamp="2019-08-31T18:54:39 IST" time="0.007" errors="0">
  <testcase name="demo3" time="0.001" classname="TestNGDemo.NewTestDemo2"/>
  <testcase name="demo1" time="0.002" classname="TestNGDemo.NewTestDemo2"/>
  <testcase name="demo" time="0.004" classname="TestNGDemo.NewTestDemo2"/>
  <testcase name="demo2" classname="TestNGDemo.NewTestDemo2">
    <skipped/>
  </testcase> <!-- demo2 -->
</testsuite> <!-- TestNGDemo.NewTestDemo2 -->
