<?xml version="1.0" encoding="UTF-8"?>
<!-- Generated by org.testng.reporters.JUnitReportReporter -->
<testsuite skipped="0" hostname="Dell-PC" name="mouseEvents.MouseEventsDemo1" tests="1" failures="0" timestamp="2019-09-07T19:16:54 IST" time="14.134" errors="0">
  <testcase name="newMouseEvent" time="14.134" classname="mouseEvents.MouseEventsDemo1"/>
</testsuite> <!-- mouseEvents.MouseEventsDemo1 -->
