<?xml version="1.0" encoding="UTF-8"?>
<!-- Generated by org.testng.reporters.JUnitReportReporter -->
<testsuite skipped="1" hostname="Dell-PC" name="TestNGDemo.NewTestDemo1" tests="4" failures="0" timestamp="2019-09-03T12:10:51 IST" time="0.031" errors="0">
  <testcase name="demo1" time="0.024" classname="TestNGDemo.NewTestDemo1"/>
  <testcase name="demo3" time="0.002" classname="TestNGDemo.NewTestDemo1"/>
  <testcase name="demo" time="0.005" classname="TestNGDemo.NewTestDemo1"/>
  <testcase name="demo2" classname="TestNGDemo.NewTestDemo1">
    <skipped/>
  </testcase> <!-- demo2 -->
</testsuite> <!-- TestNGDemo.NewTestDemo1 -->
