<?xml version="1.0" encoding="UTF-8"?>
<!-- Generated by org.testng.reporters.JUnitReportReporter -->
<testsuite skipped="0" hostname="Dell-PC" name="allAnnotations.BeforeAfterMethodTwice" tests="2" failures="0" timestamp="2019-08-31T18:54:39 IST" time="0.004" errors="0">
  <testcase name="testNumber2" time="0.002" classname="allAnnotations.BeforeAfterMethodTwice"/>
  <testcase name="testNumber1" time="0.002" classname="allAnnotations.BeforeAfterMethodTwice"/>
</testsuite> <!-- allAnnotations.BeforeAfterMethodTwice -->
