<?xml version="1.0" encoding="UTF-8"?>
<!-- Generated by org.testng.reporters.JUnitReportReporter -->
<testsuite skipped="0" hostname="Dell-PC" name="assertionsDemo.FileUpload" tests="1" failures="0" timestamp="2019-08-31T10:33:45 IST" time="28.229" errors="0">
  <testcase name="uploading" time="28.229" classname="assertionsDemo.FileUpload"/>
</testsuite> <!-- assertionsDemo.FileUpload -->
