<?xml version="1.0" encoding="UTF-8"?>
<!-- Generated by org.testng.reporters.JUnitReportReporter -->
<testsuite skipped="0" hostname="Dell-PC" name="waitTypes.ExplicitWait" tests="1" failures="0" timestamp="2019-09-06T12:26:39 IST" time="21.281" errors="0">
  <testcase name="waitDemo" time="21.281" classname="waitTypes.ExplicitWait"/>
</testsuite> <!-- waitTypes.ExplicitWait -->
