<?xml version="1.0" encoding="UTF-8"?>
<!-- Generated by org.testng.reporters.JUnitReportReporter -->
<testsuite skipped="0" hostname="Dell-PC" name="grouping.ClassC" tests="12" failures="0" timestamp="2019-09-01T10:09:51 IST" time="0.057" errors="0">
  <testcase name="testC5" time="0.003" classname="grouping.ClassC"/>
  <testcase name="testC1" time="0.001" classname="grouping.ClassC"/>
  <testcase name="testC4" time="0.003" classname="grouping.ClassC"/>
  <testcase name="testC2" time="0.001" classname="grouping.ClassC"/>
  <testcase name="testC6" time="0.004" classname="grouping.ClassC"/>
  <testcase name="testC2" time="0.004" classname="grouping.ClassC"/>
  <testcase name="testC4" time="0.002" classname="grouping.ClassC"/>
  <testcase name="testC3" time="0.002" classname="grouping.ClassC"/>
  <testcase name="testC1" time="0.030" classname="grouping.ClassC"/>
  <testcase name="testC3" time="0.004" classname="grouping.ClassC"/>
  <testcase name="testC5" time="0.001" classname="grouping.ClassC"/>
  <testcase name="testC6" time="0.002" classname="grouping.ClassC"/>
</testsuite> <!-- grouping.ClassC -->
