<?xml version="1.0" encoding="UTF-8"?>
<!-- Generated by org.testng.reporters.JUnitReportReporter -->
<testsuite skipped="0" hostname="Dell-PC" name="selfCoding.DependentTestCases" tests="4" failures="0" timestamp="2019-09-01T09:36:32 IST" time="0.035" errors="0">
  <testcase name="test1" time="0.002" classname="selfCoding.DependentTestCases"/>
  <testcase name="test3" time="0.002" classname="selfCoding.DependentTestCases"/>
  <testcase name="test4" time="0.002" classname="selfCoding.DependentTestCases"/>
  <testcase name="test2" time="0.029" classname="selfCoding.DependentTestCases"/>
</testsuite> <!-- selfCoding.DependentTestCases -->
