<?xml version="1.0" encoding="UTF-8"?>
<!-- Generated by org.testng.reporters.JUnitReportReporter -->
<testsuite skipped="0" hostname="Dell-PC" name="TestNGDemo.NewTestDemo3" tests="2" failures="0" timestamp="2019-08-31T18:54:39 IST" time="0.004" errors="0">
  <testcase name="demo" time="0.001" classname="TestNGDemo.NewTestDemo3"/>
  <testcase name="demo1" time="0.003" classname="TestNGDemo.NewTestDemo3"/>
</testsuite> <!-- TestNGDemo.NewTestDemo3 -->
