<?xml version="1.0" encoding="UTF-8"?>
<!-- Generated by org.testng.reporters.JUnitReportReporter -->
<testsuite skipped="0" hostname="Dell-PC" name="dataProviderHandling.dataProviderDemo1" tests="6" failures="0" timestamp="2019-09-07T18:39:10 IST" time="0.031" errors="0">
  <testcase name="test1" time="0.018" classname="dataProviderHandling.dataProviderDemo1"/>
  <testcase name="test1" time="0.002" classname="dataProviderHandling.dataProviderDemo1"/>
  <testcase name="test1" time="0.003" classname="dataProviderHandling.dataProviderDemo1"/>
  <testcase name="test2" time="0.003" classname="dataProviderHandling.dataProviderDemo1"/>
  <testcase name="test2" time="0.003" classname="dataProviderHandling.dataProviderDemo1"/>
  <testcase name="test2" time="0.002" classname="dataProviderHandling.dataProviderDemo1"/>
</testsuite> <!-- dataProviderHandling.dataProviderDemo1 -->
