<?xml version="1.0" encoding="UTF-8"?>
<!-- Generated by org.testng.reporters.JUnitReportReporter -->
<testsuite skipped="0" hostname="Dell-PC" name="mouseEvents.MouseDragAndDrop" tests="1" failures="0" timestamp="2019-09-07T19:28:14 IST" time="19.438" errors="0">
  <testcase name="dragAndDrop" time="19.438" classname="mouseEvents.MouseDragAndDrop"/>
</testsuite> <!-- mouseEvents.MouseDragAndDrop -->
