<?xml version="1.0" encoding="UTF-8"?>
<!-- Generated by org.testng.reporters.JUnitReportReporter -->
<testsuite skipped="0" hostname="Dell-PC" name="waitTypes.ImplicitWait" tests="1" failures="0" timestamp="2019-09-06T11:12:21 IST" time="16.864" errors="0">
  <testcase name="WaitDemo" time="16.864" classname="waitTypes.ImplicitWait"/>
</testsuite> <!-- waitTypes.ImplicitWait -->
