<?xml version="1.0" encoding="UTF-8"?>
<!-- Generated by org.testng.reporters.JUnitReportReporter -->
<testsuite skipped="0" hostname="Dell-PC" name="TestNGDemo.NewTestDemo" tests="2" failures="0" timestamp="2019-08-28T15:33:17 IST" time="0.029" errors="0">
  <testcase name="demo1" time="0.002" classname="TestNGDemo.NewTestDemo"/>
  <testcase name="demo" time="0.027" classname="TestNGDemo.NewTestDemo"/>
</testsuite> <!-- TestNGDemo.NewTestDemo -->
