<?xml version="1.0" encoding="UTF-8"?>
<!-- Generated by org.testng.reporters.JUnitReportReporter -->
<testsuite skipped="0" hostname="Dell-PC" name="alertHandling.WindowHandlingOptimized" tests="1" failures="0" timestamp="2019-09-04T21:02:32 IST" time="24.464" errors="0">
  <testcase name="newWindow1" time="24.464" classname="alertHandling.WindowHandlingOptimized"/>
</testsuite> <!-- alertHandling.WindowHandlingOptimized -->
