<?xml version="1.0" encoding="UTF-8"?>
<!-- Generated by org.testng.reporters.JUnitReportReporter -->
<testsuite skipped="0" hostname="Dell-PC" name="allAnnotations.BeforeAndAfterTest" tests="2" failures="0" timestamp="2019-09-03T12:16:54 IST" time="0.021" errors="0">
  <testcase name="testNumber2" time="0.004" classname="allAnnotations.BeforeAndAfterTest"/>
  <testcase name="testNumber1" time="0.017" classname="allAnnotations.BeforeAndAfterTest"/>
</testsuite> <!-- allAnnotations.BeforeAndAfterTest -->
