<?xml version="1.0" encoding="UTF-8"?>
<!-- Generated by org.testng.reporters.JUnitReportReporter -->
<testsuite skipped="0" hostname="Dell-PC" name="waitTypes.UsingWaitUtilityForExplicitWait" tests="1" failures="0" timestamp="2019-09-07T17:39:00 IST" time="25.132" errors="0">
  <testcase name="waitDemo" time="25.132" classname="waitTypes.UsingWaitUtilityForExplicitWait"/>
</testsuite> <!-- waitTypes.UsingWaitUtilityForExplicitWait -->
